<?xml version="1.0" encoding="UTF-8"?>
<!-- Generated by org.testng.reporters.JUnitReportReporter -->
<testsuite hostname="DESKTOP-BJS4FPD" failures="0" tests="1" name="runner.TestRunner" time="58.362" errors="0" timestamp="2025-05-28T13:15:23 IST" skipped="0">
  <testcase classname="runner.TestRunner" name="runScenario" time="58.362"/>
  <system-out/>
</testsuite> <!-- runner.TestRunner -->
